<?xml version="1.0" encoding="UTF-8"?>
<!-- Generated by org.testng.reporters.JUnitXMLReporter -->
<testsuite ignored="1" hostname="sripriya" failures="1" tests="2" name="Error Validation Test" time="7.639" errors="0" timestamp="2024-02-21T14:02:42 IST">
  <testcase classname="letsshopwebapplication.tests.ErrorvalidationsTest" name="loginErrorValidation" time="0.472">
    <skipped/>
  </testcase> <!-- loginErrorValidation -->
  <testcase classname="letsshopwebapplication.tests.ErrorvalidationsTest" name="loginErrorValidation" time="0.911">
    <failure type="java.lang.AssertionError" message="expected [Incorrect email or password.] but found [Incorrect email password.]">
      <![CDATA[java.lang.AssertionError: expected [Incorrect email or password.] but found [Incorrect email password.]
at letsshopwebapplication.tests.ErrorvalidationsTest.loginErrorValidation(ErrorvalidationsTest.java:23)
at java.base/java.util.ArrayList.forEach(ArrayList.java:1511)
at java.base/java.util.concurrent.FutureTask.run(FutureTask.java:264)
at java.base/java.util.concurrent.ThreadPoolExecutor.runWorker(ThreadPoolExecutor.java:1136)
at java.base/java.util.concurrent.ThreadPoolExecutor$Worker.run(ThreadPoolExecutor.java:635)
at java.base/java.lang.Thread.run(Thread.java:833)
... Removed 23 stack frames]]>
    </failure>
  </testcase> <!-- loginErrorValidation -->
  <testcase classname="letsshopwebapplication.tests.ErrorvalidationsTest" name="ProductErrorValidation" time="0.0">
    <ignored/>
  </testcase> <!-- ProductErrorValidation -->
</testsuite> <!-- Error Validation Test -->
